<?xml version="1.0" encoding="UTF-8"?>
<testsuite xmlns:xsi="http://www.w3.org/2001/XMLSchema-instance" xsi:noNamespaceSchemaLocation="https://maven.apache.org/surefire/maven-surefire-plugin/xsd/surefire-test-report-3.0.xsd" version="3.0" name="com.example.springdemo.ExWalletConfigApplicationTests" time="3.323" tests="1" errors="0" skipped="0" failures="0">
  <properties>
[...]
</properties>
  <testcase name="contextLoads" classname="com.example.springdemo.ExWalletConfigApplicationTests" time="0.327">
    <system-out><![CDATA[
  .   ____          _            __ _ _
 /\\ / ___'_ __ _ _(_)_ __  __ _ \ \ \ \
( ( )\___ | '_ | '_| | '_ \/ _` | \ \ \ \
 \\/  ___)| |_)| | | | | || (_| |  ) ) ) )
  '  |____| .__|_| |_|_| |_\__, | / / / /
 =========|_|==============|___/=/_/_/_/
 :: Spring Boot ::                (v3.2.5)

2026-02-19 16:42:01.083 INFO  traceId= c.e.s.ExWalletConfigApplicationTests - Starting ExWalletConfigApplicationTests using Java 21.0.3 with PID 99464 (started by meng in /Users/meng/IdeaProjects/ex-wallet-config)
2026-02-19 16:42:01.084 INFO  traceId= c.e.s.ExWalletConfigApplicationTests - No active profile set, falling back to 1 default profile: "default"
2026-02-19 16:42:01.527 INFO  traceId= o.s.d.r.c.RepositoryConfigurationDelegate - Bootstrapping Spring Data JPA repositories in DEFAULT mode.
2026-02-19 16:42:01.556 INFO  traceId= o.s.d.r.c.RepositoryConfigurationDelegate - Finished Spring Data repository scanning in 25 ms. Found 4 JPA repository interfaces.
2026-02-19 16:42:01.892 INFO  traceId= o.h.jpa.internal.util.LogHelper - HHH000204: Processing PersistenceUnitInfo [name: default]
2026-02-19 16:42:01.923 INFO  traceId= org.hibernate.Version - HHH000412: Hibernate ORM core version 6.4.4.Final
2026-02-19 16:42:01.948 INFO  traceId= o.h.c.i.RegionFactoryInitiator - HHH000026: Second-level cache disabled
2026-02-19 16:42:02.060 INFO  traceId= o.s.o.j.p.SpringPersistenceUnitInfo - No LoadTimeWeaver setup: ignoring JPA class transformer
2026-02-19 16:42:02.074 INFO  traceId= com.zaxxer.hikari.HikariDataSource - HikariPool-1 - Starting...
2026-02-19 16:42:02.166 INFO  traceId= com.zaxxer.hikari.pool.HikariPool - HikariPool-1 - Added connection com.mysql.cj.jdbc.ConnectionImpl@305881b8
2026-02-19 16:42:02.167 INFO  traceId= com.zaxxer.hikari.HikariDataSource - HikariPool-1 - Start completed.
2026-02-19 16:42:02.619 INFO  traceId= o.h.e.t.j.p.i.JtaPlatformInitiator - HHH000489: No JTA platform available (set 'hibernate.transaction.jta.platform' to enable JTA platform integration)
2026-02-19 16:42:02.651 INFO  traceId= o.s.o.j.LocalContainerEntityManagerFactoryBean - Initialized JPA EntityManagerFactory for persistence unit 'default'
2026-02-19 16:42:02.928 WARN  traceId= o.s.b.a.o.j.JpaBaseConfiguration$JpaWebConfiguration - spring.jpa.open-in-view is enabled by default. Therefore, database queries may be performed during view rendering. Explicitly configure spring.jpa.open-in-view to disable this warning
2026-02-19 16:42:03.003 INFO  traceId= o.s.b.a.w.s.WelcomePageHandlerMapping - Adding welcome page template: index
2026-02-19 16:42:03.196 INFO  traceId= o.s.b.a.e.web.EndpointLinksResolver - Exposing 1 endpoint(s) beneath base path '/actuator'
2026-02-19 16:42:03.254 INFO  traceId= o.s.s.web.DefaultSecurityFilterChain - Will secure any request with [org.springframework.security.web.session.DisableEncodeUrlFilter@5d414943, org.springframework.security.web.context.request.async.WebAsyncManagerIntegrationFilter@5481001f, org.springframework.security.web.context.SecurityContextHolderFilter@14acc33e, org.springframework.security.web.header.HeaderWriterFilter@408708a1, org.springframework.web.filter.CorsFilter@5581e273, org.springframework.security.web.authentication.logout.LogoutFilter@4a5e0faf, com.example.springdemo.security.filter.LoginValidationFilter@2db75e32, org.springframework.security.web.authentication.UsernamePasswordAuthenticationFilter@3c592c0c, org.springframework.security.web.savedrequest.RequestCacheAwareFilter@32dc895e, org.springframework.security.web.servletapi.SecurityContextHolderAwareRequestFilter@455591ad, org.springframework.security.web.authentication.AnonymousAuthenticationFilter@475c2f47, org.springframework.security.web.access.ExceptionTranslationFilter@4b6ad2eb, org.springframework.security.web.access.intercept.AuthorizationFilter@26247027]
2026-02-19 16:42:03.632 INFO  traceId= c.e.s.ExWalletConfigApplicationTests - Started ExWalletConfigApplicationTests in 2.691 seconds (process running for 3.094)
2026-02-19 16:42:03.754 DEBUG traceId= org.hibernate.SQL - 
    select
        au1_0.id 
    from
        app_user au1_0 
    where
        upper(au1_0.username)=upper(?) 
    limit
        ?
]]></system-out>
    <system-err><![CDATA[WARNING: A Java agent has been loaded dynamically (/Users/meng/java/mavenLocalRepo/net/bytebuddy/byte-buddy-agent/1.14.13/byte-buddy-agent-1.14.13.jar)
WARNING: If a serviceability tool is in use, please run with -XX:+EnableDynamicAgentLoading to hide this warning
WARNING: If a serviceability tool is not in use, please run with -Djdk.instrument.traceUsage for more information
WARNING: Dynamic loading of agents will be disallowed by default in a future release
]]></system-err>
  </testcase>
</testsuite>